<?xml version="1.0" encoding="UTF-8"?>
<!-- Generated by org.testng.reporters.JUnitReportReporter -->
<testsuite hostname="LAPTOP-4RU19F2E" name="JavaBasics.StringToInteger" tests="1" failures="0" timestamp="2 Jun 2019 06:46:05 GMT" time="0.011" errors="0">
  <testcase name="StrToInt" time="0.011" classname="JavaBasics.StringToInteger"/>
</testsuite> <!-- JavaBasics.StringToInteger -->
