<?xml version="1.0" encoding="UTF-8"?>
<!-- Generated by org.testng.reporters.JUnitReportReporter -->
<testsuite hostname="LAPTOP-4RU19F2E" name="collections.HashMapToArray" tests="1" failures="0" timestamp="2 Jun 2019 07:36:25 GMT" time="0.017" errors="0">
  <testcase name="HM2Array" time="0.017" classname="collections.HashMapToArray"/>
</testsuite> <!-- collections.HashMapToArray -->
