<?xml version="1.0" encoding="UTF-8"?>
<!-- Generated by org.testng.reporters.JUnitReportReporter -->
<testsuite hostname="LAPTOP-4RU19F2E" name="JavaBasics.ArrayAsList" tests="1" failures="0" timestamp="2 Jun 2019 05:38:05 GMT" time="0.011" errors="0">
  <testcase name="ArrayToList" time="0.011" classname="JavaBasics.ArrayAsList"/>
</testsuite> <!-- JavaBasics.ArrayAsList -->
